  main.cpp
d:\git\ntust\dl\qunie-mccluskey\qunie-mccluskey\main.cpp(121): warning C4018: '<': signed/unsigned 不相符
d:\git\ntust\dl\qunie-mccluskey\qunie-mccluskey\main.cpp(126): warning C4018: '<': signed/unsigned 不相符
d:\git\ntust\dl\qunie-mccluskey\qunie-mccluskey\main.cpp(130): warning C4018: '<': signed/unsigned 不相符
d:\git\ntust\dl\qunie-mccluskey\qunie-mccluskey\main.cpp(165): warning C4018: '<': signed/unsigned 不相符
d:\git\ntust\dl\qunie-mccluskey\qunie-mccluskey\main.cpp(169): warning C4018: '<': signed/unsigned 不相符
d:\git\ntust\dl\qunie-mccluskey\qunie-mccluskey\main.cpp(197): warning C4018: '<': signed/unsigned 不相符
d:\git\ntust\dl\qunie-mccluskey\qunie-mccluskey\main.cpp(203): warning C4018: '<=': signed/unsigned 不相符
d:\git\ntust\dl\qunie-mccluskey\qunie-mccluskey\main.cpp(208): warning C4018: '<': signed/unsigned 不相符
d:\git\ntust\dl\qunie-mccluskey\qunie-mccluskey\main.cpp(211): warning C4018: '<': signed/unsigned 不相符
d:\git\ntust\dl\qunie-mccluskey\qunie-mccluskey\main.cpp(223): warning C4018: '<': signed/unsigned 不相符
d:\git\ntust\dl\qunie-mccluskey\qunie-mccluskey\main.cpp(225): warning C4018: '<': signed/unsigned 不相符
d:\git\ntust\dl\qunie-mccluskey\qunie-mccluskey\main.cpp(227): warning C4018: '<': signed/unsigned 不相符
d:\git\ntust\dl\qunie-mccluskey\qunie-mccluskey\main.cpp(246): warning C4018: '<': signed/unsigned 不相符
d:\git\ntust\dl\qunie-mccluskey\qunie-mccluskey\main.cpp(278): warning C4244: '=': 將 'double' 轉換為 'int'，由於類型不同，可能導致資料遺失
d:\git\ntust\dl\qunie-mccluskey\qunie-mccluskey\main.cpp(330): warning C4018: '<': signed/unsigned 不相符
d:\git\ntust\dl\qunie-mccluskey\qunie-mccluskey\main.cpp(388): warning C4018: '<': signed/unsigned 不相符
d:\git\ntust\dl\qunie-mccluskey\qunie-mccluskey\main.cpp(397): warning C4018: '<': signed/unsigned 不相符
d:\git\ntust\dl\qunie-mccluskey\qunie-mccluskey\main.cpp(400): warning C4018: '<': signed/unsigned 不相符
d:\git\ntust\dl\qunie-mccluskey\qunie-mccluskey\main.cpp(435): warning C4018: '<': signed/unsigned 不相符
d:\git\ntust\dl\qunie-mccluskey\qunie-mccluskey\main.cpp(466): warning C4018: '<': signed/unsigned 不相符
d:\git\ntust\dl\qunie-mccluskey\qunie-mccluskey\main.cpp(490): warning C4018: '<': signed/unsigned 不相符
d:\git\ntust\dl\qunie-mccluskey\qunie-mccluskey\main.cpp(510): warning C4018: '<': signed/unsigned 不相符
d:\git\ntust\dl\qunie-mccluskey\qunie-mccluskey\main.cpp(549): warning C4018: '<': signed/unsigned 不相符
d:\git\ntust\dl\qunie-mccluskey\qunie-mccluskey\main.cpp(553): warning C4018: '<': signed/unsigned 不相符
d:\git\ntust\dl\qunie-mccluskey\qunie-mccluskey\main.cpp(556): warning C4018: '<': signed/unsigned 不相符
d:\git\ntust\dl\qunie-mccluskey\qunie-mccluskey\main.cpp(581): warning C4018: '<': signed/unsigned 不相符
d:\git\ntust\dl\qunie-mccluskey\qunie-mccluskey\main.cpp(583): warning C4018: '<': signed/unsigned 不相符
d:\git\ntust\dl\qunie-mccluskey\qunie-mccluskey\main.cpp(585): warning C4018: '<': signed/unsigned 不相符
d:\git\ntust\dl\qunie-mccluskey\qunie-mccluskey\main.cpp(610): warning C4018: '<': signed/unsigned 不相符
d:\git\ntust\dl\qunie-mccluskey\qunie-mccluskey\main.cpp(613): warning C4018: '<': signed/unsigned 不相符
d:\git\ntust\dl\qunie-mccluskey\qunie-mccluskey\main.cpp(615): warning C4018: '<': signed/unsigned 不相符
d:\git\ntust\dl\qunie-mccluskey\qunie-mccluskey\main.cpp(629): warning C4018: '<': signed/unsigned 不相符
d:\git\ntust\dl\qunie-mccluskey\qunie-mccluskey\main.cpp(644): warning C4018: '<': signed/unsigned 不相符
  Qunie-McCluskey.vcxproj -> D:\Git\NTUST\DL\Qunie-McCluskey\Debug\Qunie-McCluskey.exe
  Qunie-McCluskey.vcxproj -> D:\Git\NTUST\DL\Qunie-McCluskey\Debug\Qunie-McCluskey.pdb (Partial PDB)
